[0.006s] Invoking command in '/home/student/238362_tm/build/mpc_rbt_student': CMAKE_PREFIX_PATH=${CMAKE_PREFIX_PATH}:/opt/ros/humble /usr/bin/cmake --build /home/student/238362_tm/build/mpc_rbt_student -- -j8 -l8
[0.038s] [35m[1mConsolidate compiler generated dependencies of target mpc_rbt_student[0m
[0.051s] [ 25%] [32mBuilding CXX object CMakeFiles/mpc_rbt_student.dir/src/KeyboardControl.cpp.o[0m
[1.313s] In file included from [01m[K/home/student/238362_tm/src/mpc-rbt-student/src/KeyboardControl.cpp:8[m[K:
[1.313s] [01m[K/home/student/238362_tm/src/mpc-rbt-student/src/../include/KeyboardControl.hpp:22:5:[m[K [01;31m[Kerror: [m[Kâ€˜[01m[Krclcpp[m[Kâ€™ does not name a type
[1.313s]    22 |     [01;31m[Krclcpp[m[K:Publisher<geometry_msgs::msg::Twist>::SharedPtr twist_publisher_;
[1.313s]       |     [01;31m[K^~~~~~[m[K
[1.318s] [01m[K/home/student/238362_tm/src/mpc-rbt-student/src/KeyboardControl.cpp:[m[K In constructor â€˜[01m[KKeyboardControlNode::KeyboardControlNode()[m[Kâ€™:
[1.318s] [01m[K/home/student/238362_tm/src/mpc-rbt-student/src/KeyboardControl.cpp:15:3:[m[K [01;31m[Kerror: [m[Kâ€˜[01m[Ktwist_publisher_[m[Kâ€™ was not declared in this scope; did you mean â€˜[01m[Kcount_publishers[m[Kâ€™?
[1.318s]    15 |   [01;31m[Ktwist_publisher_[m[K = this->create_publisher<geometry_msgs::msg::Twist>("cmd_vel", 1);
[1.318s]       |   [01;31m[K^~~~~~~~~~~~~~~~[m[K
[1.318s]       |   [32m[Kcount_publishers[m[K
[1.329s] [01m[K/home/student/238362_tm/src/mpc-rbt-student/src/KeyboardControl.cpp:23:3:[m[K [01;31m[Kerror: [m[Kâ€˜[01m[Ktcsetsttr[m[Kâ€™ was not declared in this scope; did you mean â€˜[01m[Ktcsetattr[m[Kâ€™?
[1.329s]    23 |   [01;31m[Ktcsetsttr[m[K(STDIN_FILENO, TCSANOW, &new_termios);
[1.329s]       |   [01;31m[K^~~~~~~~~[m[K
[1.329s]       |   [32m[Ktcsetattr[m[K
[1.336s] [01m[K/home/student/238362_tm/src/mpc-rbt-student/src/KeyboardControl.cpp:[m[K In member function â€˜[01m[Kvoid KeyboardControlNode::timerCallback()[m[Kâ€™:
[1.336s] [01m[K/home/student/238362_tm/src/mpc-rbt-student/src/KeyboardControl.cpp:75:15:[m[K [01;31m[Kerror: [m[Kâ€˜[01m[Ktwist_publisher_[m[Kâ€™ was not declared in this scope; did you mean â€˜[01m[Kcount_publishers[m[Kâ€™?
[1.336s]    75 |               [01;31m[Ktwist_publisher_[m[K->publish(twist);
[1.336s]       |               [01;31m[K^~~~~~~~~~~~~~~~[m[K
[1.336s]       |               [32m[Kcount_publishers[m[K
[1.713s] gmake[2]: *** [CMakeFiles/mpc_rbt_student.dir/build.make:76: CMakeFiles/mpc_rbt_student.dir/src/KeyboardControl.cpp.o] Error 1
[1.713s] gmake[1]: *** [CMakeFiles/Makefile2:139: CMakeFiles/mpc_rbt_student.dir/all] Error 2
[1.713s] gmake: *** [Makefile:146: all] Error 2
[1.714s] Invoked command in '/home/student/238362_tm/build/mpc_rbt_student' returned '2': CMAKE_PREFIX_PATH=${CMAKE_PREFIX_PATH}:/opt/ros/humble /usr/bin/cmake --build /home/student/238362_tm/build/mpc_rbt_student -- -j8 -l8
