-- The C compiler identification is GNU 11.4.0
-- The CXX compiler identification is GNU 11.4.0
-- Detecting C compiler ABI info
-- Detecting C compiler ABI info - done
-- Check for working C compiler: /usr/bin/cc - skipped
-- Detecting C compile features
-- Detecting C compile features - done
-- Detecting CXX compiler ABI info
-- Detecting CXX compiler ABI info - done
-- Check for working CXX compiler: /usr/bin/c++ - skipped
-- Detecting CXX compile features
-- Detecting CXX compile features - done
-- Found ament_cmake: 1.3.11 (/opt/ros/humble/share/ament_cmake/cmake)
-- Found Python3: /usr/bin/python3 (found version "3.10.12") found components: Interpreter 
-- Found rclcpp: 16.0.11 (/opt/ros/humble/share/rclcpp/cmake)
-- Found rosidl_generator_c: 3.1.6 (/opt/ros/humble/share/rosidl_generator_c/cmake)
-- Found rosidl_adapter: 3.1.6 (/opt/ros/humble/share/rosidl_adapter/cmake)
-- Found rosidl_generator_cpp: 3.1.6 (/opt/ros/humble/share/rosidl_generator_cpp/cmake)
-- Using all available rosidl_typesupport_c: rosidl_typesupport_fastrtps_c;rosidl_typesupport_introspection_c
-- Using all available rosidl_typesupport_cpp: rosidl_typesupport_fastrtps_cpp;rosidl_typesupport_introspection_cpp
-- Found rmw_implementation_cmake: 6.1.2 (/opt/ros/humble/share/rmw_implementation_cmake/cmake)
-- Found rmw_fastrtps_cpp: 6.2.7 (/opt/ros/humble/share/rmw_fastrtps_cpp/cmake)
-- Found OpenSSL: /usr/lib/x86_64-linux-gnu/libcrypto.so (found version "3.0.2")  
-- Found FastRTPS: /opt/ros/humble/include  
-- Using RMW implementation 'rmw_fastrtps_cpp' as default
-- Looking for pthread.h
-- Looking for pthread.h - found
-- Performing Test CMAKE_HAVE_LIBC_PTHREAD
-- Performing Test CMAKE_HAVE_LIBC_PTHREAD - Success
-- Found Threads: TRUE  
-- Found geometry_msgs: 4.2.4 (/opt/ros/humble/share/geometry_msgs/cmake)
-- Configuring done
-- Generating done
-- Build files have been written to: /home/student/238362_tm/build/mpc_rbt_student
[ 25%] [32mBuilding CXX object CMakeFiles/mpc_rbt_student.dir/src/KeyboardControl.cpp.o[0m
In file included from [01m[K/home/student/238362_tm/src/mpc-rbt-student/src/KeyboardControl.cpp:8[m[K:
[01m[K/home/student/238362_tm/src/mpc-rbt-student/src/../include/KeyboardControl.hpp:22:5:[m[K [01;31m[Kerror: [m[Kâ€˜[01m[Krclcpp[m[Kâ€™ does not name a type
   22 |     [01;31m[Krclcpp[m[K:Publisher<geometry_msgs::msg::Twist>::SharedPtr twist_publisher_;
      |     [01;31m[K^~~~~~[m[K
[01m[K/home/student/238362_tm/src/mpc-rbt-student/src/KeyboardControl.cpp:[m[K In constructor â€˜[01m[KKeyboardControlNode::KeyboardControlNode()[m[Kâ€™:
[01m[K/home/student/238362_tm/src/mpc-rbt-student/src/KeyboardControl.cpp:16:3:[m[K [01;31m[Kerror: [m[Kâ€˜[01m[Ktwist_publisher_[m[Kâ€™ was not declared in this scope; did you mean â€˜[01m[Kcount_publishers[m[Kâ€™?
   16 |   [01;31m[Ktwist_publisher_[m[K = this->create_publisher<geometry_msgs::msg::Twist>
      |   [01;31m[K^~~~~~~~~~~~~~~~[m[K
      |   [32m[Kcount_publishers[m[K
[01m[K/home/student/238362_tm/src/mpc-rbt-student/src/KeyboardControl.cpp:20:33:[m[K [01;31m[Kerror: [m[Kâ€˜[01m[Ktimer_callback[m[Kâ€™ is not a member of â€˜[01m[KKeyboardControlNode[m[Kâ€™
   20 | std::bind(&KeyboardControlNode::[01;31m[Ktimer_callback[m[K, this));
      |                                 [01;31m[K^~~~~~~~~~~~~~[m[K
[01m[K/home/student/238362_tm/src/mpc-rbt-student/src/KeyboardControl.cpp:23:28:[m[K [01;31m[Kerror: [m[Kâ€˜[01m[Kold_termios_[m[Kâ€™ was not declared in this scope; did you mean â€˜[01m[Kold_termios[m[Kâ€™?
   23 |   tcgetattr(STDIN_FILENO, &[01;31m[Kold_termios_[m[K);
      |                            [01;31m[K^~~~~~~~~~~~[m[K
      |                            [32m[Kold_termios[m[K
[01m[K/home/student/238362_tm/src/mpc-rbt-student/src/KeyboardControl.cpp:26:3:[m[K [01;31m[Kerror: [m[Kâ€˜[01m[Ktcsetsttr[m[Kâ€™ was not declared in this scope; did you mean â€˜[01m[Ktcsetattr[m[Kâ€™?
   26 |   [01;31m[Ktcsetsttr[m[K(STDIN_FILENO, TCSANOW, &new_termios);
      |   [01;31m[K^~~~~~~~~[m[K
      |   [32m[Ktcsetattr[m[K
[01m[K/home/student/238362_tm/src/mpc-rbt-student/src/KeyboardControl.cpp:[m[K In destructor â€˜[01m[Kvirtual KeyboardControlNode::~KeyboardControlNode()[m[Kâ€™:
[01m[K/home/student/238362_tm/src/mpc-rbt-student/src/KeyboardControl.cpp:36:41:[m[K [01;31m[Kerror: [m[Kâ€˜[01m[Kold_termios_[m[Kâ€™ was not declared in this scope; did you mean â€˜[01m[Kold_termios[m[Kâ€™?
   36 |       tcsetattr(STDIN_FILENO, TCSANOW, &[01;31m[Kold_termios_[m[K);
      |                                         [01;31m[K^~~~~~~~~~~~[m[K
      |                                         [32m[Kold_termios[m[K
[01m[K/home/student/238362_tm/src/mpc-rbt-student/src/KeyboardControl.cpp:[m[K In member function â€˜[01m[Kvoid KeyboardControlNode::timerCallback()[m[Kâ€™:
[01m[K/home/student/238362_tm/src/mpc-rbt-student/src/KeyboardControl.cpp:78:15:[m[K [01;31m[Kerror: [m[Kâ€˜[01m[Ktwist_publisher_[m[Kâ€™ was not declared in this scope; did you mean â€˜[01m[Kcount_publishers[m[Kâ€™?
   78 |               [01;31m[Ktwist_publisher_[m[K->publish(twist);
      |               [01;31m[K^~~~~~~~~~~~~~~~[m[K
      |               [32m[Kcount_publishers[m[K
gmake[2]: *** [CMakeFiles/mpc_rbt_student.dir/build.make:76: CMakeFiles/mpc_rbt_student.dir/src/KeyboardControl.cpp.o] Error 1
gmake[1]: *** [CMakeFiles/Makefile2:139: CMakeFiles/mpc_rbt_student.dir/all] Error 2
gmake: *** [Makefile:146: all] Error 2
