[0.005s] Invoking command in '/home/student/238362_tm/build/mpc_rbt_student': CMAKE_PREFIX_PATH=${CMAKE_PREFIX_PATH}:/opt/ros/humble /usr/bin/cmake /home/student/238362_tm/src/mpc-rbt-student -DCMAKE_INSTALL_PREFIX=/home/student/238362_tm/install/mpc_rbt_student
[0.039s] -- The C compiler identification is GNU 11.4.0
[0.072s] -- The CXX compiler identification is GNU 11.4.0
[0.076s] -- Detecting C compiler ABI info
[0.116s] -- Detecting C compiler ABI info - done
[0.121s] -- Check for working C compiler: /usr/bin/cc - skipped
[0.121s] -- Detecting C compile features
[0.121s] -- Detecting C compile features - done
[0.123s] -- Detecting CXX compiler ABI info
[0.172s] -- Detecting CXX compiler ABI info - done
[0.176s] -- Check for working CXX compiler: /usr/bin/c++ - skipped
[0.177s] -- Detecting CXX compile features
[0.177s] -- Detecting CXX compile features - done
[0.178s] -- Found ament_cmake: 1.3.11 (/opt/ros/humble/share/ament_cmake/cmake)
[0.270s] -- Found Python3: /usr/bin/python3 (found version "3.10.12") found components: Interpreter 
[0.319s] -- Found rclcpp: 16.0.11 (/opt/ros/humble/share/rclcpp/cmake)
[0.344s] -- Found rosidl_generator_c: 3.1.6 (/opt/ros/humble/share/rosidl_generator_c/cmake)
[0.347s] -- Found rosidl_adapter: 3.1.6 (/opt/ros/humble/share/rosidl_adapter/cmake)
[0.351s] -- Found rosidl_generator_cpp: 3.1.6 (/opt/ros/humble/share/rosidl_generator_cpp/cmake)
[0.358s] -- Using all available rosidl_typesupport_c: rosidl_typesupport_fastrtps_c;rosidl_typesupport_introspection_c
[0.366s] -- Using all available rosidl_typesupport_cpp: rosidl_typesupport_fastrtps_cpp;rosidl_typesupport_introspection_cpp
[0.390s] -- Found rmw_implementation_cmake: 6.1.2 (/opt/ros/humble/share/rmw_implementation_cmake/cmake)
[0.391s] -- Found rmw_fastrtps_cpp: 6.2.7 (/opt/ros/humble/share/rmw_fastrtps_cpp/cmake)
[0.435s] -- Found OpenSSL: /usr/lib/x86_64-linux-gnu/libcrypto.so (found version "3.0.2")  
[0.451s] -- Found FastRTPS: /opt/ros/humble/include  
[0.473s] -- Using RMW implementation 'rmw_fastrtps_cpp' as default
[0.477s] -- Looking for pthread.h
[0.516s] -- Looking for pthread.h - found
[0.516s] -- Performing Test CMAKE_HAVE_LIBC_PTHREAD
[0.561s] -- Performing Test CMAKE_HAVE_LIBC_PTHREAD - Success
[0.562s] -- Found Threads: TRUE  
[0.591s] -- Found geometry_msgs: 4.2.4 (/opt/ros/humble/share/geometry_msgs/cmake)
[0.639s] -- Configuring done
[0.646s] -- Generating done
[0.649s] -- Build files have been written to: /home/student/238362_tm/build/mpc_rbt_student
[0.654s] Invoked command in '/home/student/238362_tm/build/mpc_rbt_student' returned '0': CMAKE_PREFIX_PATH=${CMAKE_PREFIX_PATH}:/opt/ros/humble /usr/bin/cmake /home/student/238362_tm/src/mpc-rbt-student -DCMAKE_INSTALL_PREFIX=/home/student/238362_tm/install/mpc_rbt_student
[0.655s] Invoking command in '/home/student/238362_tm/build/mpc_rbt_student': CMAKE_PREFIX_PATH=${CMAKE_PREFIX_PATH}:/opt/ros/humble /usr/bin/cmake --build /home/student/238362_tm/build/mpc_rbt_student -- -j8 -l8
[0.681s] [ 25%] [32mBuilding CXX object CMakeFiles/mpc_rbt_student.dir/src/KeyboardControl.cpp.o[0m
[2.141s] In file included from [01m[K/home/student/238362_tm/src/mpc-rbt-student/src/KeyboardControl.cpp:8[m[K:
[2.141s] [01m[K/home/student/238362_tm/src/mpc-rbt-student/src/../include/KeyboardControl.hpp:22:5:[m[K [01;31m[Kerror: [m[Kâ€˜[01m[Krclcpp[m[Kâ€™ does not name a type
[2.142s]    22 |     [01;31m[Krclcpp[m[K:Publisher<geometry_msgs::msg::Twist>::SharedPtr twist_publisher_;
[2.142s]       |     [01;31m[K^~~~~~[m[K
[2.148s] [01m[K/home/student/238362_tm/src/mpc-rbt-student/src/KeyboardControl.cpp:[m[K In constructor â€˜[01m[KKeyboardControlNode::KeyboardControlNode()[m[Kâ€™:
[2.149s] [01m[K/home/student/238362_tm/src/mpc-rbt-student/src/KeyboardControl.cpp:16:3:[m[K [01;31m[Kerror: [m[Kâ€˜[01m[Ktwist_publisher_[m[Kâ€™ was not declared in this scope; did you mean â€˜[01m[Kcount_publishers[m[Kâ€™?
[2.149s]    16 |   [01;31m[Ktwist_publisher_[m[K = this->create_publisher<geometry_msgs::msg::Twist>
[2.149s]       |   [01;31m[K^~~~~~~~~~~~~~~~[m[K
[2.149s]       |   [32m[Kcount_publishers[m[K
[2.151s] [01m[K/home/student/238362_tm/src/mpc-rbt-student/src/KeyboardControl.cpp:20:33:[m[K [01;31m[Kerror: [m[Kâ€˜[01m[Ktimer_callback[m[Kâ€™ is not a member of â€˜[01m[KKeyboardControlNode[m[Kâ€™
[2.151s]    20 | std::bind(&KeyboardControlNode::[01;31m[Ktimer_callback[m[K, this));
[2.152s]       |                                 [01;31m[K^~~~~~~~~~~~~~[m[K
[2.155s] [01m[K/home/student/238362_tm/src/mpc-rbt-student/src/KeyboardControl.cpp:23:28:[m[K [01;31m[Kerror: [m[Kâ€˜[01m[Kold_termios_[m[Kâ€™ was not declared in this scope; did you mean â€˜[01m[Kold_termios[m[Kâ€™?
[2.155s]    23 |   tcgetattr(STDIN_FILENO, &[01;31m[Kold_termios_[m[K);
[2.155s]       |                            [01;31m[K^~~~~~~~~~~~[m[K
[2.155s]       |                            [32m[Kold_termios[m[K
[2.158s] [01m[K/home/student/238362_tm/src/mpc-rbt-student/src/KeyboardControl.cpp:26:3:[m[K [01;31m[Kerror: [m[Kâ€˜[01m[Ktcsetsttr[m[Kâ€™ was not declared in this scope; did you mean â€˜[01m[Ktcsetattr[m[Kâ€™?
[2.158s]    26 |   [01;31m[Ktcsetsttr[m[K(STDIN_FILENO, TCSANOW, &new_termios);
[2.158s]       |   [01;31m[K^~~~~~~~~[m[K
[2.158s]       |   [32m[Ktcsetattr[m[K
[2.162s] [01m[K/home/student/238362_tm/src/mpc-rbt-student/src/KeyboardControl.cpp:[m[K In destructor â€˜[01m[Kvirtual KeyboardControlNode::~KeyboardControlNode()[m[Kâ€™:
[2.162s] [01m[K/home/student/238362_tm/src/mpc-rbt-student/src/KeyboardControl.cpp:36:41:[m[K [01;31m[Kerror: [m[Kâ€˜[01m[Kold_termios_[m[Kâ€™ was not declared in this scope; did you mean â€˜[01m[Kold_termios[m[Kâ€™?
[2.162s]    36 |       tcsetattr(STDIN_FILENO, TCSANOW, &[01;31m[Kold_termios_[m[K);
[2.162s]       |                                         [01;31m[K^~~~~~~~~~~~[m[K
[2.162s]       |                                         [32m[Kold_termios[m[K
[2.168s] [01m[K/home/student/238362_tm/src/mpc-rbt-student/src/KeyboardControl.cpp:[m[K In member function â€˜[01m[Kvoid KeyboardControlNode::timerCallback()[m[Kâ€™:
[2.168s] [01m[K/home/student/238362_tm/src/mpc-rbt-student/src/KeyboardControl.cpp:78:15:[m[K [01;31m[Kerror: [m[Kâ€˜[01m[Ktwist_publisher_[m[Kâ€™ was not declared in this scope; did you mean â€˜[01m[Kcount_publishers[m[Kâ€™?
[2.168s]    78 |               [01;31m[Ktwist_publisher_[m[K->publish(twist);
[2.168s]       |               [01;31m[K^~~~~~~~~~~~~~~~[m[K
[2.168s]       |               [32m[Kcount_publishers[m[K
[2.584s] gmake[2]: *** [CMakeFiles/mpc_rbt_student.dir/build.make:76: CMakeFiles/mpc_rbt_student.dir/src/KeyboardControl.cpp.o] Error 1
[2.584s] gmake[1]: *** [CMakeFiles/Makefile2:139: CMakeFiles/mpc_rbt_student.dir/all] Error 2
[2.584s] gmake: *** [Makefile:146: all] Error 2
[2.586s] Invoked command in '/home/student/238362_tm/build/mpc_rbt_student' returned '2': CMAKE_PREFIX_PATH=${CMAKE_PREFIX_PATH}:/opt/ros/humble /usr/bin/cmake --build /home/student/238362_tm/build/mpc_rbt_student -- -j8 -l8
