In file included from [01m[K/home/student/238362_tm/src/mpc-rbt-student/src/KeyboardControl.cpp:8[m[K:
[01m[K/home/student/238362_tm/src/mpc-rbt-student/src/../include/KeyboardControl.hpp:22:5:[m[K [01;31m[Kerror: [m[Kâ€˜[01m[Krclcpp[m[Kâ€™ does not name a type
   22 |     [01;31m[Krclcpp[m[K:Publisher<geometry_msgs::msg::Twist>::SharedPtr twist_publisher_;
      |     [01;31m[K^~~~~~[m[K
[01m[K/home/student/238362_tm/src/mpc-rbt-student/src/KeyboardControl.cpp:[m[K In constructor â€˜[01m[KKeyboardControlNode::KeyboardControlNode()[m[Kâ€™:
[01m[K/home/student/238362_tm/src/mpc-rbt-student/src/KeyboardControl.cpp:16:3:[m[K [01;31m[Kerror: [m[Kâ€˜[01m[Ktwist_publisher_[m[Kâ€™ was not declared in this scope; did you mean â€˜[01m[Kcount_publishers[m[Kâ€™?
   16 |   [01;31m[Ktwist_publisher_[m[K = this->create_publisher<geometry_msgs::msg::Twist>
      |   [01;31m[K^~~~~~~~~~~~~~~~[m[K
      |   [32m[Kcount_publishers[m[K
[01m[K/home/student/238362_tm/src/mpc-rbt-student/src/KeyboardControl.cpp:20:33:[m[K [01;31m[Kerror: [m[Kâ€˜[01m[Ktimer_callback[m[Kâ€™ is not a member of â€˜[01m[KKeyboardControlNode[m[Kâ€™
   20 | std::bind(&KeyboardControlNode::[01;31m[Ktimer_callback[m[K, this));
      |                                 [01;31m[K^~~~~~~~~~~~~~[m[K
[01m[K/home/student/238362_tm/src/mpc-rbt-student/src/KeyboardControl.cpp:26:3:[m[K [01;31m[Kerror: [m[Kâ€˜[01m[Ktcsetsttr[m[Kâ€™ was not declared in this scope; did you mean â€˜[01m[Ktcsetattr[m[Kâ€™?
   26 |   [01;31m[Ktcsetsttr[m[K(STDIN_FILENO, TCSANOW, &new_termios);
      |   [01;31m[K^~~~~~~~~[m[K
      |   [32m[Ktcsetattr[m[K
[01m[K/home/student/238362_tm/src/mpc-rbt-student/src/KeyboardControl.cpp:[m[K In member function â€˜[01m[Kvoid KeyboardControlNode::timerCallback()[m[Kâ€™:
[01m[K/home/student/238362_tm/src/mpc-rbt-student/src/KeyboardControl.cpp:78:15:[m[K [01;31m[Kerror: [m[Kâ€˜[01m[Ktwist_publisher_[m[Kâ€™ was not declared in this scope; did you mean â€˜[01m[Kcount_publishers[m[Kâ€™?
   78 |               [01;31m[Ktwist_publisher_[m[K->publish(twist);
      |               [01;31m[K^~~~~~~~~~~~~~~~[m[K
      |               [32m[Kcount_publishers[m[K
gmake[2]: *** [CMakeFiles/mpc_rbt_student.dir/build.make:76: CMakeFiles/mpc_rbt_student.dir/src/KeyboardControl.cpp.o] Error 1
gmake[1]: *** [CMakeFiles/Makefile2:139: CMakeFiles/mpc_rbt_student.dir/all] Error 2
gmake: *** [Makefile:146: all] Error 2
